<?xml version="1.0" encoding="UTF-8"?>
<testsuite xmlns:xsi="http://www.w3.org/2001/XMLSchema-instance" xsi:noNamespaceSchemaLocation="https://maven.apache.org/surefire/maven-surefire-plugin/xsd/surefire-test-report.xsd" name="car.autoSpotterBot.AutoSpotterBotApplicationTests" time="3.978" tests="1" errors="0" skipped="0" failures="0">
  <properties>
    <property name="java.specification.version" value="21"/>
    <property name="sun.jnu.encoding" value="UTF-8"/>
    <property name="java.class.path" value="/Users/suhrob/Neuer Ordner/autoSpotterBot/target/test-classes:/Users/suhrob/Neuer Ordner/autoSpotterBot/target/classes:/Users/suhrob/.m2/repository/org/springframework/boot/spring-boot-starter/3.0.11/spring-boot-starter-3.0.11.jar:/Users/suhrob/.m2/repository/org/springframework/boot/spring-boot/3.0.11/spring-boot-3.0.11.jar:/Users/suhrob/.m2/repository/org/springframework/spring-context/6.0.12/spring-context-6.0.12.jar:/Users/suhrob/.m2/repository/org/springframework/boot/spring-boot-autoconfigure/3.0.11/spring-boot-autoconfigure-3.0.11.jar:/Users/suhrob/.m2/repository/org/springframework/boot/spring-boot-starter-logging/3.0.11/spring-boot-starter-logging-3.0.11.jar:/Users/suhrob/.m2/repository/ch/qos/logback/logback-classic/1.4.11/logback-classic-1.4.11.jar:/Users/suhrob/.m2/repository/ch/qos/logback/logback-core/1.4.11/logback-core-1.4.11.jar:/Users/suhrob/.m2/repository/org/apache/logging/log4j/log4j-to-slf4j/2.19.0/log4j-to-slf4j-2.19.0.jar:/Users/suhrob/.m2/repository/org/apache/logging/log4j/log4j-api/2.19.0/log4j-api-2.19.0.jar:/Users/suhrob/.m2/repository/org/slf4j/jul-to-slf4j/2.0.9/jul-to-slf4j-2.0.9.jar:/Users/suhrob/.m2/repository/jakarta/annotation/jakarta.annotation-api/2.1.1/jakarta.annotation-api-2.1.1.jar:/Users/suhrob/.m2/repository/org/springframework/spring-core/6.0.12/spring-core-6.0.12.jar:/Users/suhrob/.m2/repository/org/springframework/spring-jcl/6.0.12/spring-jcl-6.0.12.jar:/Users/suhrob/.m2/repository/org/yaml/snakeyaml/1.33/snakeyaml-1.33.jar:/Users/suhrob/.m2/repository/org/springframework/boot/spring-boot-starter-test/3.0.11/spring-boot-starter-test-3.0.11.jar:/Users/suhrob/.m2/repository/org/springframework/boot/spring-boot-test/3.0.11/spring-boot-test-3.0.11.jar:/Users/suhrob/.m2/repository/org/springframework/boot/spring-boot-test-autoconfigure/3.0.11/spring-boot-test-autoconfigure-3.0.11.jar:/Users/suhrob/.m2/repository/com/jayway/jsonpath/json-path/2.7.0/json-path-2.7.0.jar:/Users/suhrob/.m2/repository/net/minidev/json-smart/2.4.11/json-smart-2.4.11.jar:/Users/suhrob/.m2/repository/net/minidev/accessors-smart/2.4.11/accessors-smart-2.4.11.jar:/Users/suhrob/.m2/repository/org/ow2/asm/asm/9.3/asm-9.3.jar:/Users/suhrob/.m2/repository/jakarta/xml/bind/jakarta.xml.bind-api/4.0.1/jakarta.xml.bind-api-4.0.1.jar:/Users/suhrob/.m2/repository/jakarta/activation/jakarta.activation-api/2.1.2/jakarta.activation-api-2.1.2.jar:/Users/suhrob/.m2/repository/org/assertj/assertj-core/3.23.1/assertj-core-3.23.1.jar:/Users/suhrob/.m2/repository/net/bytebuddy/byte-buddy/1.12.23/byte-buddy-1.12.23.jar:/Users/suhrob/.m2/repository/org/hamcrest/hamcrest/2.2/hamcrest-2.2.jar:/Users/suhrob/.m2/repository/org/junit/jupiter/junit-jupiter/5.9.3/junit-jupiter-5.9.3.jar:/Users/suhrob/.m2/repository/org/junit/jupiter/junit-jupiter-api/5.9.3/junit-jupiter-api-5.9.3.jar:/Users/suhrob/.m2/repository/org/opentest4j/opentest4j/1.2.0/opentest4j-1.2.0.jar:/Users/suhrob/.m2/repository/org/junit/platform/junit-platform-commons/1.9.3/junit-platform-commons-1.9.3.jar:/Users/suhrob/.m2/repository/org/apiguardian/apiguardian-api/1.1.2/apiguardian-api-1.1.2.jar:/Users/suhrob/.m2/repository/org/junit/jupiter/junit-jupiter-params/5.9.3/junit-jupiter-params-5.9.3.jar:/Users/suhrob/.m2/repository/org/junit/jupiter/junit-jupiter-engine/5.9.3/junit-jupiter-engine-5.9.3.jar:/Users/suhrob/.m2/repository/org/junit/platform/junit-platform-engine/1.9.3/junit-platform-engine-1.9.3.jar:/Users/suhrob/.m2/repository/org/mockito/mockito-core/4.8.1/mockito-core-4.8.1.jar:/Users/suhrob/.m2/repository/net/bytebuddy/byte-buddy-agent/1.12.23/byte-buddy-agent-1.12.23.jar:/Users/suhrob/.m2/repository/org/objenesis/objenesis/3.2/objenesis-3.2.jar:/Users/suhrob/.m2/repository/org/mockito/mockito-junit-jupiter/4.8.1/mockito-junit-jupiter-4.8.1.jar:/Users/suhrob/.m2/repository/org/skyscreamer/jsonassert/1.5.1/jsonassert-1.5.1.jar:/Users/suhrob/.m2/repository/com/vaadin/external/google/android-json/0.0.20131108.vaadin1/android-json-0.0.20131108.vaadin1.jar:/Users/suhrob/.m2/repository/org/springframework/spring-test/6.0.12/spring-test-6.0.12.jar:/Users/suhrob/.m2/repository/org/xmlunit/xmlunit-core/2.9.1/xmlunit-core-2.9.1.jar:/Users/suhrob/.m2/repository/org/hibernate/validator/hibernate-validator/8.0.0.Final/hibernate-validator-8.0.0.Final.jar:/Users/suhrob/.m2/repository/jakarta/validation/jakarta.validation-api/3.0.2/jakarta.validation-api-3.0.2.jar:/Users/suhrob/.m2/repository/org/jboss/logging/jboss-logging/3.5.3.Final/jboss-logging-3.5.3.Final.jar:/Users/suhrob/.m2/repository/com/fasterxml/classmate/1.5.1/classmate-1.5.1.jar:/Users/suhrob/.m2/repository/org/telegram/telegrambots/6.8.0/telegrambots-6.8.0.jar:/Users/suhrob/.m2/repository/org/telegram/telegrambots-meta/6.8.0/telegrambots-meta-6.8.0.jar:/Users/suhrob/.m2/repository/org/apache/commons/commons-lang3/3.12.0/commons-lang3-3.12.0.jar:/Users/suhrob/.m2/repository/com/fasterxml/jackson/datatype/jackson-datatype-jsr310/2.14.3/jackson-datatype-jsr310-2.14.3.jar:/Users/suhrob/.m2/repository/com/fasterxml/jackson/core/jackson-annotations/2.14.3/jackson-annotations-2.14.3.jar:/Users/suhrob/.m2/repository/com/fasterxml/jackson/jaxrs/jackson-jaxrs-json-provider/2.14.3/jackson-jaxrs-json-provider-2.14.3.jar:/Users/suhrob/.m2/repository/com/fasterxml/jackson/jaxrs/jackson-jaxrs-base/2.14.3/jackson-jaxrs-base-2.14.3.jar:/Users/suhrob/.m2/repository/com/fasterxml/jackson/module/jackson-module-jaxb-annotations/2.14.3/jackson-module-jaxb-annotations-2.14.3.jar:/Users/suhrob/.m2/repository/com/fasterxml/jackson/core/jackson-core/2.14.3/jackson-core-2.14.3.jar:/Users/suhrob/.m2/repository/com/fasterxml/jackson/core/jackson-databind/2.14.3/jackson-databind-2.14.3.jar:/Users/suhrob/.m2/repository/org/glassfish/jersey/inject/jersey-hk2/3.1.3/jersey-hk2-3.1.3.jar:/Users/suhrob/.m2/repository/org/glassfish/jersey/core/jersey-common/3.1.3/jersey-common-3.1.3.jar:/Users/suhrob/.m2/repository/org/glassfish/hk2/osgi-resource-locator/1.0.3/osgi-resource-locator-1.0.3.jar:/Users/suhrob/.m2/repository/org/glassfish/hk2/hk2-locator/3.0.4/hk2-locator-3.0.4.jar:/Users/suhrob/.m2/repository/org/glassfish/hk2/external/aopalliance-repackaged/3.0.4/aopalliance-repackaged-3.0.4.jar:/Users/suhrob/.m2/repository/org/glassfish/hk2/hk2-api/3.0.4/hk2-api-3.0.4.jar:/Users/suhrob/.m2/repository/org/glassfish/hk2/hk2-utils/3.0.4/hk2-utils-3.0.4.jar:/Users/suhrob/.m2/repository/org/javassist/javassist/3.29.2-GA/javassist-3.29.2-GA.jar:/Users/suhrob/.m2/repository/org/glassfish/jersey/media/jersey-media-json-jackson/3.1.3/jersey-media-json-jackson-3.1.3.jar:/Users/suhrob/.m2/repository/org/glassfish/jersey/ext/jersey-entity-filtering/3.1.3/jersey-entity-filtering-3.1.3.jar:/Users/suhrob/.m2/repository/com/fasterxml/jackson/module/jackson-module-jakarta-xmlbind-annotations/2.14.3/jackson-module-jakarta-xmlbind-annotations-2.14.3.jar:/Users/suhrob/.m2/repository/org/glassfish/jersey/containers/jersey-container-grizzly2-http/3.1.3/jersey-container-grizzly2-http-3.1.3.jar:/Users/suhrob/.m2/repository/jakarta/inject/jakarta.inject-api/2.0.1/jakarta.inject-api-2.0.1.jar:/Users/suhrob/.m2/repository/org/glassfish/grizzly/grizzly-http-server/4.0.0/grizzly-http-server-4.0.0.jar:/Users/suhrob/.m2/repository/org/glassfish/grizzly/grizzly-http/4.0.0/grizzly-http-4.0.0.jar:/Users/suhrob/.m2/repository/org/glassfish/grizzly/grizzly-framework/4.0.0/grizzly-framework-4.0.0.jar:/Users/suhrob/.m2/repository/jakarta/ws/rs/jakarta.ws.rs-api/3.1.0/jakarta.ws.rs-api-3.1.0.jar:/Users/suhrob/.m2/repository/org/glassfish/jersey/core/jersey-server/3.1.3/jersey-server-3.1.3.jar:/Users/suhrob/.m2/repository/org/glassfish/jersey/core/jersey-client/3.1.3/jersey-client-3.1.3.jar:/Users/suhrob/.m2/repository/org/apache/httpcomponents/httpclient/4.5.14/httpclient-4.5.14.jar:/Users/suhrob/.m2/repository/org/apache/httpcomponents/httpcore/4.4.16/httpcore-4.4.16.jar:/Users/suhrob/.m2/repository/commons-codec/commons-codec/1.15/commons-codec-1.15.jar:/Users/suhrob/.m2/repository/org/apache/httpcomponents/httpmime/4.5.14/httpmime-4.5.14.jar:/Users/suhrob/.m2/repository/commons-io/commons-io/2.11.0/commons-io-2.11.0.jar:/Users/suhrob/.m2/repository/org/slf4j/slf4j-api/2.0.9/slf4j-api-2.0.9.jar:/Users/suhrob/.m2/repository/org/postgresql/postgresql/42.5.4/postgresql-42.5.4.jar:/Users/suhrob/.m2/repository/org/checkerframework/checker-qual/3.5.0/checker-qual-3.5.0.jar:/Users/suhrob/.m2/repository/org/springframework/boot/spring-boot-starter-data-jpa/3.0.11/spring-boot-starter-data-jpa-3.0.11.jar:/Users/suhrob/.m2/repository/org/springframework/boot/spring-boot-starter-aop/3.0.11/spring-boot-starter-aop-3.0.11.jar:/Users/suhrob/.m2/repository/org/springframework/spring-aop/6.0.12/spring-aop-6.0.12.jar:/Users/suhrob/.m2/repository/org/aspectj/aspectjweaver/1.9.20/aspectjweaver-1.9.20.jar:/Users/suhrob/.m2/repository/org/springframework/boot/spring-boot-starter-jdbc/3.0.11/spring-boot-starter-jdbc-3.0.11.jar:/Users/suhrob/.m2/repository/com/zaxxer/HikariCP/5.0.1/HikariCP-5.0.1.jar:/Users/suhrob/.m2/repository/org/springframework/spring-jdbc/6.0.12/spring-jdbc-6.0.12.jar:/Users/suhrob/.m2/repository/org/hibernate/orm/hibernate-core/6.1.7.Final/hibernate-core-6.1.7.Final.jar:/Users/suhrob/.m2/repository/jakarta/persistence/jakarta.persistence-api/3.1.0/jakarta.persistence-api-3.1.0.jar:/Users/suhrob/.m2/repository/jakarta/transaction/jakarta.transaction-api/2.0.1/jakarta.transaction-api-2.0.1.jar:/Users/suhrob/.m2/repository/org/hibernate/common/hibernate-commons-annotations/6.0.6.Final/hibernate-commons-annotations-6.0.6.Final.jar:/Users/suhrob/.m2/repository/org/jboss/jandex/2.4.2.Final/jandex-2.4.2.Final.jar:/Users/suhrob/.m2/repository/org/glassfish/jaxb/jaxb-runtime/4.0.3/jaxb-runtime-4.0.3.jar:/Users/suhrob/.m2/repository/org/glassfish/jaxb/jaxb-core/4.0.3/jaxb-core-4.0.3.jar:/Users/suhrob/.m2/repository/org/eclipse/angus/angus-activation/2.0.1/angus-activation-2.0.1.jar:/Users/suhrob/.m2/repository/org/glassfish/jaxb/txw2/4.0.3/txw2-4.0.3.jar:/Users/suhrob/.m2/repository/com/sun/istack/istack-commons-runtime/4.1.2/istack-commons-runtime-4.1.2.jar:/Users/suhrob/.m2/repository/org/antlr/antlr4-runtime/4.10.1/antlr4-runtime-4.10.1.jar:/Users/suhrob/.m2/repository/org/springframework/data/spring-data-jpa/3.0.10/spring-data-jpa-3.0.10.jar:/Users/suhrob/.m2/repository/org/springframework/data/spring-data-commons/3.0.10/spring-data-commons-3.0.10.jar:/Users/suhrob/.m2/repository/org/springframework/spring-orm/6.0.12/spring-orm-6.0.12.jar:/Users/suhrob/.m2/repository/org/springframework/spring-tx/6.0.12/spring-tx-6.0.12.jar:/Users/suhrob/.m2/repository/org/springframework/spring-beans/6.0.12/spring-beans-6.0.12.jar:/Users/suhrob/.m2/repository/org/springframework/spring-aspects/6.0.12/spring-aspects-6.0.12.jar:/Users/suhrob/.m2/repository/org/springframework/boot/spring-boot-starter-web/3.0.11/spring-boot-starter-web-3.0.11.jar:/Users/suhrob/.m2/repository/org/springframework/boot/spring-boot-starter-json/3.0.11/spring-boot-starter-json-3.0.11.jar:/Users/suhrob/.m2/repository/com/fasterxml/jackson/datatype/jackson-datatype-jdk8/2.14.3/jackson-datatype-jdk8-2.14.3.jar:/Users/suhrob/.m2/repository/com/fasterxml/jackson/module/jackson-module-parameter-names/2.14.3/jackson-module-parameter-names-2.14.3.jar:/Users/suhrob/.m2/repository/org/springframework/boot/spring-boot-starter-tomcat/3.0.11/spring-boot-starter-tomcat-3.0.11.jar:/Users/suhrob/.m2/repository/org/apache/tomcat/embed/tomcat-embed-core/10.1.13/tomcat-embed-core-10.1.13.jar:/Users/suhrob/.m2/repository/org/apache/tomcat/embed/tomcat-embed-el/10.1.13/tomcat-embed-el-10.1.13.jar:/Users/suhrob/.m2/repository/org/apache/tomcat/embed/tomcat-embed-websocket/10.1.13/tomcat-embed-websocket-10.1.13.jar:/Users/suhrob/.m2/repository/org/springframework/spring-web/6.0.12/spring-web-6.0.12.jar:/Users/suhrob/.m2/repository/io/micrometer/micrometer-observation/1.10.11/micrometer-observation-1.10.11.jar:/Users/suhrob/.m2/repository/io/micrometer/micrometer-commons/1.10.11/micrometer-commons-1.10.11.jar:/Users/suhrob/.m2/repository/org/springframework/spring-webmvc/6.0.12/spring-webmvc-6.0.12.jar:/Users/suhrob/.m2/repository/org/springframework/spring-expression/6.0.12/spring-expression-6.0.12.jar:/Users/suhrob/.m2/repository/org/springframework/boot/spring-boot-devtools/3.0.11/spring-boot-devtools-3.0.11.jar:/Users/suhrob/.m2/repository/org/json/json/20230618/json-20230618.jar:/Users/suhrob/.m2/repository/log4j/log4j/1.2.17/log4j-1.2.17.jar:/Users/suhrob/.m2/repository/org/slf4j/slf4j-log4j12/1.7.30/slf4j-log4j12-1.7.30.jar:"/>
    <property name="java.vm.vendor" value="Homebrew"/>
    <property name="sun.arch.data.model" value="64"/>
    <property name="java.vendor.url" value="https://github.com/Homebrew/homebrew-core/issues"/>
    <property name="os.name" value="Mac OS X"/>
    <property name="java.vm.specification.version" value="21"/>
    <property name="sun.java.launcher" value="SUN_STANDARD"/>
    <property name="user.country" value="DE"/>
    <property name="sun.boot.library.path" value="/opt/homebrew/Cellar/openjdk/21.0.1/libexec/openjdk.jdk/Contents/Home/lib"/>
    <property name="sun.java.command" value="/Users/suhrob/Neuer Ordner/autoSpotterBot/target/surefire/surefirebooter5696529800074766734.jar /Users/suhrob/Neuer Ordner/autoSpotterBot/target/surefire 2023-12-29T09-51-22_934-jvmRun1 surefire14191597383931953038tmp surefire_017302953127400063589tmp"/>
    <property name="http.nonProxyHosts" value="local|*.local|169.254/16|*.169.254/16"/>
    <property name="jdk.debug" value="release"/>
    <property name="surefire.test.class.path" value="/Users/suhrob/Neuer Ordner/autoSpotterBot/target/test-classes:/Users/suhrob/Neuer Ordner/autoSpotterBot/target/classes:/Users/suhrob/.m2/repository/org/springframework/boot/spring-boot-starter/3.0.11/spring-boot-starter-3.0.11.jar:/Users/suhrob/.m2/repository/org/springframework/boot/spring-boot/3.0.11/spring-boot-3.0.11.jar:/Users/suhrob/.m2/repository/org/springframework/spring-context/6.0.12/spring-context-6.0.12.jar:/Users/suhrob/.m2/repository/org/springframework/boot/spring-boot-autoconfigure/3.0.11/spring-boot-autoconfigure-3.0.11.jar:/Users/suhrob/.m2/repository/org/springframework/boot/spring-boot-starter-logging/3.0.11/spring-boot-starter-logging-3.0.11.jar:/Users/suhrob/.m2/repository/ch/qos/logback/logback-classic/1.4.11/logback-classic-1.4.11.jar:/Users/suhrob/.m2/repository/ch/qos/logback/logback-core/1.4.11/logback-core-1.4.11.jar:/Users/suhrob/.m2/repository/org/apache/logging/log4j/log4j-to-slf4j/2.19.0/log4j-to-slf4j-2.19.0.jar:/Users/suhrob/.m2/repository/org/apache/logging/log4j/log4j-api/2.19.0/log4j-api-2.19.0.jar:/Users/suhrob/.m2/repository/org/slf4j/jul-to-slf4j/2.0.9/jul-to-slf4j-2.0.9.jar:/Users/suhrob/.m2/repository/jakarta/annotation/jakarta.annotation-api/2.1.1/jakarta.annotation-api-2.1.1.jar:/Users/suhrob/.m2/repository/org/springframework/spring-core/6.0.12/spring-core-6.0.12.jar:/Users/suhrob/.m2/repository/org/springframework/spring-jcl/6.0.12/spring-jcl-6.0.12.jar:/Users/suhrob/.m2/repository/org/yaml/snakeyaml/1.33/snakeyaml-1.33.jar:/Users/suhrob/.m2/repository/org/springframework/boot/spring-boot-starter-test/3.0.11/spring-boot-starter-test-3.0.11.jar:/Users/suhrob/.m2/repository/org/springframework/boot/spring-boot-test/3.0.11/spring-boot-test-3.0.11.jar:/Users/suhrob/.m2/repository/org/springframework/boot/spring-boot-test-autoconfigure/3.0.11/spring-boot-test-autoconfigure-3.0.11.jar:/Users/suhrob/.m2/repository/com/jayway/jsonpath/json-path/2.7.0/json-path-2.7.0.jar:/Users/suhrob/.m2/repository/net/minidev/json-smart/2.4.11/json-smart-2.4.11.jar:/Users/suhrob/.m2/repository/net/minidev/accessors-smart/2.4.11/accessors-smart-2.4.11.jar:/Users/suhrob/.m2/repository/org/ow2/asm/asm/9.3/asm-9.3.jar:/Users/suhrob/.m2/repository/jakarta/xml/bind/jakarta.xml.bind-api/4.0.1/jakarta.xml.bind-api-4.0.1.jar:/Users/suhrob/.m2/repository/jakarta/activation/jakarta.activation-api/2.1.2/jakarta.activation-api-2.1.2.jar:/Users/suhrob/.m2/repository/org/assertj/assertj-core/3.23.1/assertj-core-3.23.1.jar:/Users/suhrob/.m2/repository/net/bytebuddy/byte-buddy/1.12.23/byte-buddy-1.12.23.jar:/Users/suhrob/.m2/repository/org/hamcrest/hamcrest/2.2/hamcrest-2.2.jar:/Users/suhrob/.m2/repository/org/junit/jupiter/junit-jupiter/5.9.3/junit-jupiter-5.9.3.jar:/Users/suhrob/.m2/repository/org/junit/jupiter/junit-jupiter-api/5.9.3/junit-jupiter-api-5.9.3.jar:/Users/suhrob/.m2/repository/org/opentest4j/opentest4j/1.2.0/opentest4j-1.2.0.jar:/Users/suhrob/.m2/repository/org/junit/platform/junit-platform-commons/1.9.3/junit-platform-commons-1.9.3.jar:/Users/suhrob/.m2/repository/org/apiguardian/apiguardian-api/1.1.2/apiguardian-api-1.1.2.jar:/Users/suhrob/.m2/repository/org/junit/jupiter/junit-jupiter-params/5.9.3/junit-jupiter-params-5.9.3.jar:/Users/suhrob/.m2/repository/org/junit/jupiter/junit-jupiter-engine/5.9.3/junit-jupiter-engine-5.9.3.jar:/Users/suhrob/.m2/repository/org/junit/platform/junit-platform-engine/1.9.3/junit-platform-engine-1.9.3.jar:/Users/suhrob/.m2/repository/org/mockito/mockito-core/4.8.1/mockito-core-4.8.1.jar:/Users/suhrob/.m2/repository/net/bytebuddy/byte-buddy-agent/1.12.23/byte-buddy-agent-1.12.23.jar:/Users/suhrob/.m2/repository/org/objenesis/objenesis/3.2/objenesis-3.2.jar:/Users/suhrob/.m2/repository/org/mockito/mockito-junit-jupiter/4.8.1/mockito-junit-jupiter-4.8.1.jar:/Users/suhrob/.m2/repository/org/skyscreamer/jsonassert/1.5.1/jsonassert-1.5.1.jar:/Users/suhrob/.m2/repository/com/vaadin/external/google/android-json/0.0.20131108.vaadin1/android-json-0.0.20131108.vaadin1.jar:/Users/suhrob/.m2/repository/org/springframework/spring-test/6.0.12/spring-test-6.0.12.jar:/Users/suhrob/.m2/repository/org/xmlunit/xmlunit-core/2.9.1/xmlunit-core-2.9.1.jar:/Users/suhrob/.m2/repository/org/hibernate/validator/hibernate-validator/8.0.0.Final/hibernate-validator-8.0.0.Final.jar:/Users/suhrob/.m2/repository/jakarta/validation/jakarta.validation-api/3.0.2/jakarta.validation-api-3.0.2.jar:/Users/suhrob/.m2/repository/org/jboss/logging/jboss-logging/3.5.3.Final/jboss-logging-3.5.3.Final.jar:/Users/suhrob/.m2/repository/com/fasterxml/classmate/1.5.1/classmate-1.5.1.jar:/Users/suhrob/.m2/repository/org/telegram/telegrambots/6.8.0/telegrambots-6.8.0.jar:/Users/suhrob/.m2/repository/org/telegram/telegrambots-meta/6.8.0/telegrambots-meta-6.8.0.jar:/Users/suhrob/.m2/repository/org/apache/commons/commons-lang3/3.12.0/commons-lang3-3.12.0.jar:/Users/suhrob/.m2/repository/com/fasterxml/jackson/datatype/jackson-datatype-jsr310/2.14.3/jackson-datatype-jsr310-2.14.3.jar:/Users/suhrob/.m2/repository/com/fasterxml/jackson/core/jackson-annotations/2.14.3/jackson-annotations-2.14.3.jar:/Users/suhrob/.m2/repository/com/fasterxml/jackson/jaxrs/jackson-jaxrs-json-provider/2.14.3/jackson-jaxrs-json-provider-2.14.3.jar:/Users/suhrob/.m2/repository/com/fasterxml/jackson/jaxrs/jackson-jaxrs-base/2.14.3/jackson-jaxrs-base-2.14.3.jar:/Users/suhrob/.m2/repository/com/fasterxml/jackson/module/jackson-module-jaxb-annotations/2.14.3/jackson-module-jaxb-annotations-2.14.3.jar:/Users/suhrob/.m2/repository/com/fasterxml/jackson/core/jackson-core/2.14.3/jackson-core-2.14.3.jar:/Users/suhrob/.m2/repository/com/fasterxml/jackson/core/jackson-databind/2.14.3/jackson-databind-2.14.3.jar:/Users/suhrob/.m2/repository/org/glassfish/jersey/inject/jersey-hk2/3.1.3/jersey-hk2-3.1.3.jar:/Users/suhrob/.m2/repository/org/glassfish/jersey/core/jersey-common/3.1.3/jersey-common-3.1.3.jar:/Users/suhrob/.m2/repository/org/glassfish/hk2/osgi-resource-locator/1.0.3/osgi-resource-locator-1.0.3.jar:/Users/suhrob/.m2/repository/org/glassfish/hk2/hk2-locator/3.0.4/hk2-locator-3.0.4.jar:/Users/suhrob/.m2/repository/org/glassfish/hk2/external/aopalliance-repackaged/3.0.4/aopalliance-repackaged-3.0.4.jar:/Users/suhrob/.m2/repository/org/glassfish/hk2/hk2-api/3.0.4/hk2-api-3.0.4.jar:/Users/suhrob/.m2/repository/org/glassfish/hk2/hk2-utils/3.0.4/hk2-utils-3.0.4.jar:/Users/suhrob/.m2/repository/org/javassist/javassist/3.29.2-GA/javassist-3.29.2-GA.jar:/Users/suhrob/.m2/repository/org/glassfish/jersey/media/jersey-media-json-jackson/3.1.3/jersey-media-json-jackson-3.1.3.jar:/Users/suhrob/.m2/repository/org/glassfish/jersey/ext/jersey-entity-filtering/3.1.3/jersey-entity-filtering-3.1.3.jar:/Users/suhrob/.m2/repository/com/fasterxml/jackson/module/jackson-module-jakarta-xmlbind-annotations/2.14.3/jackson-module-jakarta-xmlbind-annotations-2.14.3.jar:/Users/suhrob/.m2/repository/org/glassfish/jersey/containers/jersey-container-grizzly2-http/3.1.3/jersey-container-grizzly2-http-3.1.3.jar:/Users/suhrob/.m2/repository/jakarta/inject/jakarta.inject-api/2.0.1/jakarta.inject-api-2.0.1.jar:/Users/suhrob/.m2/repository/org/glassfish/grizzly/grizzly-http-server/4.0.0/grizzly-http-server-4.0.0.jar:/Users/suhrob/.m2/repository/org/glassfish/grizzly/grizzly-http/4.0.0/grizzly-http-4.0.0.jar:/Users/suhrob/.m2/repository/org/glassfish/grizzly/grizzly-framework/4.0.0/grizzly-framework-4.0.0.jar:/Users/suhrob/.m2/repository/jakarta/ws/rs/jakarta.ws.rs-api/3.1.0/jakarta.ws.rs-api-3.1.0.jar:/Users/suhrob/.m2/repository/org/glassfish/jersey/core/jersey-server/3.1.3/jersey-server-3.1.3.jar:/Users/suhrob/.m2/repository/org/glassfish/jersey/core/jersey-client/3.1.3/jersey-client-3.1.3.jar:/Users/suhrob/.m2/repository/org/apache/httpcomponents/httpclient/4.5.14/httpclient-4.5.14.jar:/Users/suhrob/.m2/repository/org/apache/httpcomponents/httpcore/4.4.16/httpcore-4.4.16.jar:/Users/suhrob/.m2/repository/commons-codec/commons-codec/1.15/commons-codec-1.15.jar:/Users/suhrob/.m2/repository/org/apache/httpcomponents/httpmime/4.5.14/httpmime-4.5.14.jar:/Users/suhrob/.m2/repository/commons-io/commons-io/2.11.0/commons-io-2.11.0.jar:/Users/suhrob/.m2/repository/org/slf4j/slf4j-api/2.0.9/slf4j-api-2.0.9.jar:/Users/suhrob/.m2/repository/org/postgresql/postgresql/42.5.4/postgresql-42.5.4.jar:/Users/suhrob/.m2/repository/org/checkerframework/checker-qual/3.5.0/checker-qual-3.5.0.jar:/Users/suhrob/.m2/repository/org/springframework/boot/spring-boot-starter-data-jpa/3.0.11/spring-boot-starter-data-jpa-3.0.11.jar:/Users/suhrob/.m2/repository/org/springframework/boot/spring-boot-starter-aop/3.0.11/spring-boot-starter-aop-3.0.11.jar:/Users/suhrob/.m2/repository/org/springframework/spring-aop/6.0.12/spring-aop-6.0.12.jar:/Users/suhrob/.m2/repository/org/aspectj/aspectjweaver/1.9.20/aspectjweaver-1.9.20.jar:/Users/suhrob/.m2/repository/org/springframework/boot/spring-boot-starter-jdbc/3.0.11/spring-boot-starter-jdbc-3.0.11.jar:/Users/suhrob/.m2/repository/com/zaxxer/HikariCP/5.0.1/HikariCP-5.0.1.jar:/Users/suhrob/.m2/repository/org/springframework/spring-jdbc/6.0.12/spring-jdbc-6.0.12.jar:/Users/suhrob/.m2/repository/org/hibernate/orm/hibernate-core/6.1.7.Final/hibernate-core-6.1.7.Final.jar:/Users/suhrob/.m2/repository/jakarta/persistence/jakarta.persistence-api/3.1.0/jakarta.persistence-api-3.1.0.jar:/Users/suhrob/.m2/repository/jakarta/transaction/jakarta.transaction-api/2.0.1/jakarta.transaction-api-2.0.1.jar:/Users/suhrob/.m2/repository/org/hibernate/common/hibernate-commons-annotations/6.0.6.Final/hibernate-commons-annotations-6.0.6.Final.jar:/Users/suhrob/.m2/repository/org/jboss/jandex/2.4.2.Final/jandex-2.4.2.Final.jar:/Users/suhrob/.m2/repository/org/glassfish/jaxb/jaxb-runtime/4.0.3/jaxb-runtime-4.0.3.jar:/Users/suhrob/.m2/repository/org/glassfish/jaxb/jaxb-core/4.0.3/jaxb-core-4.0.3.jar:/Users/suhrob/.m2/repository/org/eclipse/angus/angus-activation/2.0.1/angus-activation-2.0.1.jar:/Users/suhrob/.m2/repository/org/glassfish/jaxb/txw2/4.0.3/txw2-4.0.3.jar:/Users/suhrob/.m2/repository/com/sun/istack/istack-commons-runtime/4.1.2/istack-commons-runtime-4.1.2.jar:/Users/suhrob/.m2/repository/org/antlr/antlr4-runtime/4.10.1/antlr4-runtime-4.10.1.jar:/Users/suhrob/.m2/repository/org/springframework/data/spring-data-jpa/3.0.10/spring-data-jpa-3.0.10.jar:/Users/suhrob/.m2/repository/org/springframework/data/spring-data-commons/3.0.10/spring-data-commons-3.0.10.jar:/Users/suhrob/.m2/repository/org/springframework/spring-orm/6.0.12/spring-orm-6.0.12.jar:/Users/suhrob/.m2/repository/org/springframework/spring-tx/6.0.12/spring-tx-6.0.12.jar:/Users/suhrob/.m2/repository/org/springframework/spring-beans/6.0.12/spring-beans-6.0.12.jar:/Users/suhrob/.m2/repository/org/springframework/spring-aspects/6.0.12/spring-aspects-6.0.12.jar:/Users/suhrob/.m2/repository/org/springframework/boot/spring-boot-starter-web/3.0.11/spring-boot-starter-web-3.0.11.jar:/Users/suhrob/.m2/repository/org/springframework/boot/spring-boot-starter-json/3.0.11/spring-boot-starter-json-3.0.11.jar:/Users/suhrob/.m2/repository/com/fasterxml/jackson/datatype/jackson-datatype-jdk8/2.14.3/jackson-datatype-jdk8-2.14.3.jar:/Users/suhrob/.m2/repository/com/fasterxml/jackson/module/jackson-module-parameter-names/2.14.3/jackson-module-parameter-names-2.14.3.jar:/Users/suhrob/.m2/repository/org/springframework/boot/spring-boot-starter-tomcat/3.0.11/spring-boot-starter-tomcat-3.0.11.jar:/Users/suhrob/.m2/repository/org/apache/tomcat/embed/tomcat-embed-core/10.1.13/tomcat-embed-core-10.1.13.jar:/Users/suhrob/.m2/repository/org/apache/tomcat/embed/tomcat-embed-el/10.1.13/tomcat-embed-el-10.1.13.jar:/Users/suhrob/.m2/repository/org/apache/tomcat/embed/tomcat-embed-websocket/10.1.13/tomcat-embed-websocket-10.1.13.jar:/Users/suhrob/.m2/repository/org/springframework/spring-web/6.0.12/spring-web-6.0.12.jar:/Users/suhrob/.m2/repository/io/micrometer/micrometer-observation/1.10.11/micrometer-observation-1.10.11.jar:/Users/suhrob/.m2/repository/io/micrometer/micrometer-commons/1.10.11/micrometer-commons-1.10.11.jar:/Users/suhrob/.m2/repository/org/springframework/spring-webmvc/6.0.12/spring-webmvc-6.0.12.jar:/Users/suhrob/.m2/repository/org/springframework/spring-expression/6.0.12/spring-expression-6.0.12.jar:/Users/suhrob/.m2/repository/org/springframework/boot/spring-boot-devtools/3.0.11/spring-boot-devtools-3.0.11.jar:/Users/suhrob/.m2/repository/org/json/json/20230618/json-20230618.jar:/Users/suhrob/.m2/repository/log4j/log4j/1.2.17/log4j-1.2.17.jar:/Users/suhrob/.m2/repository/org/slf4j/slf4j-log4j12/1.7.30/slf4j-log4j12-1.7.30.jar:"/>
    <property name="sun.cpu.endian" value="little"/>
    <property name="user.home" value="/Users/suhrob"/>
    <property name="user.language" value="de"/>
    <property name="java.specification.vendor" value="Oracle Corporation"/>
    <property name="java.version.date" value="2023-10-17"/>
    <property name="java.home" value="/opt/homebrew/Cellar/openjdk/21.0.1/libexec/openjdk.jdk/Contents/Home"/>
    <property name="file.separator" value="/"/>
    <property name="basedir" value="/Users/suhrob/Neuer Ordner/autoSpotterBot"/>
    <property name="java.vm.compressedOopsMode" value="Zero based"/>
    <property name="line.separator" value="&#10;"/>
    <property name="java.vm.specification.vendor" value="Oracle Corporation"/>
    <property name="java.specification.name" value="Java Platform API Specification"/>
    <property name="apple.awt.application.name" value="ForkedBooter"/>
    <property name="surefire.real.class.path" value="/Users/suhrob/Neuer Ordner/autoSpotterBot/target/surefire/surefirebooter5696529800074766734.jar"/>
    <property name="sun.management.compiler" value="HotSpot 64-Bit Tiered Compilers"/>
    <property name="ftp.nonProxyHosts" value="local|*.local|169.254/16|*.169.254/16"/>
    <property name="java.runtime.version" value="21.0.1"/>
    <property name="user.name" value="suhrob"/>
    <property name="stdout.encoding" value="UTF-8"/>
    <property name="path.separator" value=":"/>
    <property name="os.version" value="14.2.1"/>
    <property name="java.runtime.name" value="OpenJDK Runtime Environment"/>
    <property name="file.encoding" value="UTF-8"/>
    <property name="java.vm.name" value="OpenJDK 64-Bit Server VM"/>
    <property name="java.vendor.version" value="Homebrew"/>
    <property name="localRepository" value="/Users/suhrob/.m2/repository"/>
    <property name="java.vendor.url.bug" value="https://github.com/Homebrew/homebrew-core/issues"/>
    <property name="java.io.tmpdir" value="/var/folders/jk/nc20yjl91xnfvf859_yy5zkw0000gn/T/"/>
    <property name="java.version" value="21.0.1"/>
    <property name="user.dir" value="/Users/suhrob/Neuer Ordner/autoSpotterBot"/>
    <property name="os.arch" value="aarch64"/>
    <property name="java.vm.specification.name" value="Java Virtual Machine Specification"/>
    <property name="native.encoding" value="UTF-8"/>
    <property name="java.library.path" value="/Users/suhrob/Library/Java/Extensions:/Library/Java/Extensions:/Network/Library/Java/Extensions:/System/Library/Java/Extensions:/usr/lib/java:."/>
    <property name="java.vm.info" value="mixed mode, sharing"/>
    <property name="stderr.encoding" value="UTF-8"/>
    <property name="java.vendor" value="Homebrew"/>
    <property name="java.vm.version" value="21.0.1"/>
    <property name="sun.io.unicode.encoding" value="UnicodeBig"/>
    <property name="socksNonProxyHosts" value="local|*.local|169.254/16|*.169.254/16"/>
    <property name="java.class.version" value="65.0"/>
  </properties>
  <testcase name="contextLoads" classname="car.autoSpotterBot.AutoSpotterBotApplicationTests" time="0.037"/>
</testsuite>